[2020-07-04T20:59:48.128+08:00] [INFO] [main-1] [com.ccarlos.collector.CollectorApplication] [] [] [] [StartupInfoLogger.java,50,org.springframework.boot.StartupInfoLogger,logStarting] [Starting CollectorApplication on DESKTOP-6MTN2DK with PID 29576 (started by rjsjs in E:\慕课网\职业产品\Java架构师成长直通车\Code\collector)] ## ''
[2020-07-04T20:59:48.172+08:00] [INFO] [main-1] [com.ccarlos.collector.CollectorApplication] [] [] [] [SpringApplication.java,675,org.springframework.boot.SpringApplication,logStartupProfileInfo] [No active profile set, falling back to default profiles: default] ## ''
[2020-07-04T20:59:50.206+08:00] [INFO] [main-1] [org.springframework.boot.web.embedded.tomcat.TomcatWebServer] [] [] [] [TomcatWebServer.java,90,org.springframework.boot.web.embedded.tomcat.TomcatWebServer,initialize] [Tomcat initialized with port(s): 8001 (http)] ## ''
[2020-07-04T20:59:50.250+08:00] [INFO] [main-1] [org.apache.coyote.http11.Http11NioProtocol] [] [] [] [DirectJDKLog.java,173,org.apache.juli.logging.DirectJDKLog,log] [Initializing ProtocolHandler ["http-nio-8001"]] ## ''
[2020-07-04T20:59:50.264+08:00] [INFO] [main-1] [org.apache.catalina.core.StandardService] [] [] [] [DirectJDKLog.java,173,org.apache.juli.logging.DirectJDKLog,log] [Starting service [Tomcat]] ## ''
[2020-07-04T20:59:50.265+08:00] [INFO] [main-1] [org.apache.catalina.core.StandardEngine] [] [] [] [DirectJDKLog.java,173,org.apache.juli.logging.DirectJDKLog,log] [Starting Servlet engine: [Apache Tomcat/9.0.19]] ## ''
[2020-07-04T20:59:50.455+08:00] [INFO] [main-1] [org.apache.catalina.core.ContainerBase.[Tomcat].[localhost].[/]] [] [] [] [DirectJDKLog.java,173,org.apache.juli.logging.DirectJDKLog,log] [Initializing Spring embedded WebApplicationContext] ## ''
[2020-07-04T20:59:50.455+08:00] [INFO] [main-1] [org.springframework.web.context.ContextLoader] [] [] [] [ServletWebServerApplicationContext.java,296,org.springframework.boot.web.servlet.context.ServletWebServerApplicationContext,prepareWebApplicationContext] [Root WebApplicationContext: initialization completed in 1988 ms] ## ''
[2020-07-04T20:59:50.780+08:00] [INFO] [main-1] [org.springframework.scheduling.concurrent.ThreadPoolTaskExecutor] [] [] [] [ExecutorConfigurationSupport.java,171,org.springframework.scheduling.concurrent.ExecutorConfigurationSupport,initialize] [Initializing ExecutorService 'applicationTaskExecutor'] ## ''
[2020-07-04T20:59:51.000+08:00] [INFO] [main-1] [org.apache.coyote.http11.Http11NioProtocol] [] [] [] [DirectJDKLog.java,173,org.apache.juli.logging.DirectJDKLog,log] [Starting ProtocolHandler ["http-nio-8001"]] ## ''
[2020-07-04T20:59:51.040+08:00] [INFO] [main-1] [org.springframework.boot.web.embedded.tomcat.TomcatWebServer] [] [] [] [TomcatWebServer.java,204,org.springframework.boot.web.embedded.tomcat.TomcatWebServer,start] [Tomcat started on port(s): 8001 (http) with context path ''] ## ''
[2020-07-04T20:59:51.048+08:00] [INFO] [main-1] [com.ccarlos.collector.CollectorApplication] [] [] [] [StartupInfoLogger.java,59,org.springframework.boot.StartupInfoLogger,logStarted] [Started CollectorApplication in 3.763 seconds (JVM running for 8.779)] ## ''
[2020-07-04T21:00:25.335+08:00] [INFO] [http-nio-8001-exec-1-30] [org.apache.catalina.core.ContainerBase.[Tomcat].[localhost].[/]] [] [] [] [DirectJDKLog.java,173,org.apache.juli.logging.DirectJDKLog,log] [Initializing Spring DispatcherServlet 'dispatcherServlet'] ## ''
[2020-07-04T21:00:25.336+08:00] [INFO] [http-nio-8001-exec-1-30] [org.springframework.web.servlet.DispatcherServlet] [] [] [] [FrameworkServlet.java,524,org.springframework.web.servlet.FrameworkServlet,initServletBean] [Initializing Servlet 'dispatcherServlet'] ## ''
[2020-07-04T21:00:25.356+08:00] [INFO] [http-nio-8001-exec-1-30] [org.springframework.web.servlet.DispatcherServlet] [] [] [] [FrameworkServlet.java,546,org.springframework.web.servlet.FrameworkServlet,initServletBean] [Completed initialization in 19 ms] ## ''
[2020-07-04T21:00:27.599+08:00] [INFO] [http-nio-8001-exec-1-30] [com.ccarlos.collector.web.IndexController] [DESKTOP-6MTN2DK] [172.23.126.1] [collector] [IndexController.java,54,com.ccarlos.collector.web.IndexController,index] [我是一条info日志] ## ''
[2020-07-04T21:00:27.600+08:00] [WARN] [http-nio-8001-exec-1-30] [com.ccarlos.collector.web.IndexController] [DESKTOP-6MTN2DK] [172.23.126.1] [collector] [IndexController.java,56,com.ccarlos.collector.web.IndexController,index] [我是一条warn日志] ## ''
[2020-07-04T21:00:27.603+08:00] [ERROR] [http-nio-8001-exec-1-30] [com.ccarlos.collector.web.IndexController] [DESKTOP-6MTN2DK] [172.23.126.1] [collector] [IndexController.java,58,com.ccarlos.collector.web.IndexController,index] [我是一条error日志] ## ''
[2020-07-04T21:02:05.901+08:00] [INFO] [http-nio-8001-exec-4-33] [com.ccarlos.collector.web.IndexController] [DESKTOP-6MTN2DK] [172.23.126.1] [collector] [IndexController.java,54,com.ccarlos.collector.web.IndexController,index] [我是一条info日志] ## ''
[2020-07-04T21:02:05.902+08:00] [WARN] [http-nio-8001-exec-4-33] [com.ccarlos.collector.web.IndexController] [DESKTOP-6MTN2DK] [172.23.126.1] [collector] [IndexController.java,56,com.ccarlos.collector.web.IndexController,index] [我是一条warn日志] ## ''
[2020-07-04T21:02:05.905+08:00] [ERROR] [http-nio-8001-exec-4-33] [com.ccarlos.collector.web.IndexController] [DESKTOP-6MTN2DK] [172.23.126.1] [collector] [IndexController.java,58,com.ccarlos.collector.web.IndexController,index] [我是一条error日志] ## ''
[2020-07-04T21:05:40.486+08:00] [ERROR] [http-nio-8001-exec-7-36] [com.ccarlos.collector.web.IndexController] [DESKTOP-6MTN2DK] [172.23.126.1] [collector] [IndexController.java,70,com.ccarlos.collector.web.IndexController,err] [算术异常] ## ' java.lang.ArithmeticException: / by zero
	at com.ccarlos.collector.web.IndexController.err(IndexController.java:68)
	at sun.reflect.NativeMethodAccessorImpl.invoke0(Native Method)
	at sun.reflect.NativeMethodAccessorImpl.invoke(NativeMethodAccessorImpl.java:62)
	at sun.reflect.DelegatingMethodAccessorImpl.invoke(DelegatingMethodAccessorImpl.java:43)
	at java.lang.reflect.Method.invoke(Method.java:498)
	at org.springframework.web.method.support.InvocableHandlerMethod.doInvoke(InvocableHandlerMethod.java:190)
	at org.springframework.web.method.support.InvocableHandlerMethod.invokeForRequest(InvocableHandlerMethod.java:138)
	at org.springframework.web.servlet.mvc.method.annotation.ServletInvocableHandlerMethod.invokeAndHandle(ServletInvocableHandlerMethod.java:104)
	at org.springframework.web.servlet.mvc.method.annotation.RequestMappingHandlerAdapter.invokeHandlerMethod(RequestMappingHandlerAdapter.java:892)
	at org.springframework.web.servlet.mvc.method.annotation.RequestMappingHandlerAdapter.handleInternal(RequestMappingHandlerAdapter.java:797)
	at org.springframework.web.servlet.mvc.method.AbstractHandlerMethodAdapter.handle(AbstractHandlerMethodAdapter.java:87)
	at org.springframework.web.servlet.DispatcherServlet.doDispatch(DispatcherServlet.java:1039)
	at org.springframework.web.servlet.DispatcherServlet.doService(DispatcherServlet.java:942)
	at org.springframework.web.servlet.FrameworkServlet.processRequest(FrameworkServlet.java:1005)
	at org.springframework.web.servlet.FrameworkServlet.doGet(FrameworkServlet.java:897)
	at javax.servlet.http.HttpServlet.service(HttpServlet.java:634)
	at org.springframework.web.servlet.FrameworkServlet.service(FrameworkServlet.java:882)
	at javax.servlet.http.HttpServlet.service(HttpServlet.java:741)
	at org.apache.catalina.core.ApplicationFilterChain.internalDoFilter(ApplicationFilterChain.java:231)
	at org.apache.catalina.core.ApplicationFilterChain.doFilter(ApplicationFilterChain.java:166)
	at org.apache.tomcat.websocket.server.WsFilter.doFilter(WsFilter.java:53)
	at org.apache.catalina.core.ApplicationFilterChain.internalDoFilter(ApplicationFilterChain.java:193)
	at org.apache.catalina.core.ApplicationFilterChain.doFilter(ApplicationFilterChain.java:166)
	at org.springframework.web.filter.RequestContextFilter.doFilterInternal(RequestContextFilter.java:99)
	at org.springframework.web.filter.OncePerRequestFilter.doFilter(OncePerRequestFilter.java:107)
	at org.apache.catalina.core.ApplicationFilterChain.internalDoFilter(ApplicationFilterChain.java:193)
	at org.apache.catalina.core.ApplicationFilterChain.doFilter(ApplicationFilterChain.java:166)
	at org.springframework.web.filter.FormContentFilter.doFilterInternal(FormContentFilter.java:92)
	at org.springframework.web.filter.OncePerRequestFilter.doFilter(OncePerRequestFilter.java:107)
	at org.apache.catalina.core.ApplicationFilterChain.internalDoFilter(ApplicationFilterChain.java:193)
	at org.apache.catalina.core.ApplicationFilterChain.doFilter(ApplicationFilterChain.java:166)
	at org.springframework.web.filter.HiddenHttpMethodFilter.doFilterInternal(HiddenHttpMethodFilter.java:93)
	at org.springframework.web.filter.OncePerRequestFilter.doFilter(OncePerRequestFilter.java:107)
	at org.apache.catalina.core.ApplicationFilterChain.internalDoFilter(ApplicationFilterChain.java:193)
	at org.apache.catalina.core.ApplicationFilterChain.doFilter(ApplicationFilterChain.java:166)
	at org.springframework.web.filter.CharacterEncodingFilter.doFilterInternal(CharacterEncodingFilter.java:200)
	at org.springframework.web.filter.OncePerRequestFilter.doFilter(OncePerRequestFilter.java:107)
	at org.apache.catalina.core.ApplicationFilterChain.internalDoFilter(ApplicationFilterChain.java:193)
	at org.apache.catalina.core.ApplicationFilterChain.doFilter(ApplicationFilterChain.java:166)
	at org.apache.catalina.core.StandardWrapperValve.invoke(StandardWrapperValve.java:200)
	at org.apache.catalina.core.StandardContextValve.invoke(StandardContextValve.java:96)
	at org.apache.catalina.authenticator.AuthenticatorBase.invoke(AuthenticatorBase.java:490)
	at org.apache.catalina.core.StandardHostValve.invoke(StandardHostValve.java:139)
	at org.apache.catalina.valves.ErrorReportValve.invoke(ErrorReportValve.java:92)
	at org.apache.catalina.core.StandardEngineValve.invoke(StandardEngineValve.java:74)
	at org.apache.catalina.connector.CoyoteAdapter.service(CoyoteAdapter.java:343)
	at org.apache.coyote.http11.Http11Processor.service(Http11Processor.java:408)
	at org.apache.coyote.AbstractProcessorLight.process(AbstractProcessorLight.java:66)
	at org.apache.coyote.AbstractProtocol$ConnectionHandler.process(AbstractProtocol.java:836)
	at org.apache.tomcat.util.net.NioEndpoint$SocketProcessor.doRun(NioEndpoint.java:1747)
	at org.apache.tomcat.util.net.SocketProcessorBase.run(SocketProcessorBase.java:49)
	at java.util.concurrent.ThreadPoolExecutor.runWorker(ThreadPoolExecutor.java:1149)
	at java.util.concurrent.ThreadPoolExecutor$Worker.run(ThreadPoolExecutor.java:624)
	at org.apache.tomcat.util.threads.TaskThread$WrappingRunnable.run(TaskThread.java:61)
	at java.lang.Thread.run(Thread.java:748)
'
